<?xml version="1.0" encoding="UTF-8"?>
<testsuite xmlns:xsi="http://www.w3.org/2001/XMLSchema-instance" xsi:schemaLocation="https://maven.apache.org/surefire/maven-surefire-plugin/xsd/surefire-test-report.xsd" name="TestSuite" time="88.246" tests="8" errors="0" skipped="2" failures="2">
  <properties>
    <property name="java.runtime.name" value="Java(TM) SE Runtime Environment"/>
    <property name="java.vm.version" value="11.0.19+9-LTS-224"/>
    <property name="sun.boot.library.path" value="C:\Program Files\Java\jdk-11\bin"/>
    <property name="maven.multiModuleProjectDirectory" value="W:\selenium_with_java\selenium"/>
    <property name="java.vm.vendor" value="Oracle Corporation"/>
    <property name="java.vendor.url" value="https://openjdk.java.net/"/>
    <property name="guice.disable.misplaced.annotation.check" value="true"/>
    <property name="path.separator" value=";"/>
    <property name="java.vm.name" value="Java HotSpot(TM) 64-Bit Server VM"/>
    <property name="sun.os.patch.level" value=""/>
    <property name="user.script" value=""/>
    <property name="user.country" value="IN"/>
    <property name="sun.java.launcher" value="SUN_STANDARD"/>
    <property name="java.vm.specification.name" value="Java Virtual Machine Specification"/>
    <property name="user.dir" value="W:\selenium_with_java\selenium"/>
    <property name="java.vm.compressedOopsMode" value="Zero based"/>
    <property name="java.runtime.version" value="11.0.19+9-LTS-224"/>
    <property name="java.awt.graphicsenv" value="sun.awt.Win32GraphicsEnvironment"/>
    <property name="os.arch" value="amd64"/>
    <property name="java.io.tmpdir" value="C:\Users\Rakesh\AppData\Local\Temp\"/>
    <property name="line.separator" value="&#10;"/>
    <property name="java.vm.specification.vendor" value="Oracle Corporation"/>
    <property name="user.variant" value=""/>
    <property name="os.name" value="Windows 11"/>
    <property name="classworlds.conf" value="C:\Program Files\apache-maven-3.9.5\bin\m2.conf"/>
    <property name="sun.jnu.encoding" value="Cp1252"/>
    <property name="java.library.path" value="C:\Program Files\Java\jdk-11\bin;C:\WINDOWS\Sun\Java\bin;C:\WINDOWS\system32;C:\WINDOWS;C:\Program Files\Common Files\Oracle\Java\javapath;C:\Windows\system32;C:\Windows;C:\Windows\System32\Wbem;C:\Windows\System32\WindowsPowerShell\v1.0\;C:\Windows\System32\OpenSSH\;C:\Program Files (x86)\NVIDIA Corporation\PhysX\Common;C:\Program Files\NVIDIA Corporation\NVIDIA NvDLISR;C:\Strawberry\c\bin;C:\Strawberry\perl\site\bin;C:\Strawberry\perl\bin;C:\ProgramData\chocolatey\bin;C:\Program Files\nodejs\;C:\Program Files\dotnet\;C:\Program Files\Git\cmd;C:\Program Files\Sdk\Sdk\platform-tools;C:\Program Files\Sdk\Sdk\tools\bin;C:\src\flutter\bin;C:\Gradle\gradle-8.1.1\bin;C:\WINDOWS\system32;C:\WINDOWS;C:\WINDOWS\System32\Wbem;C:\WINDOWS\System32\WindowsPowerShell\v1.0\;C:\WINDOWS\System32\OpenSSH\;C:\Program Files\chromedriver_win32;C:\Program Files\Tesseract-OCR;C:\Users\Rakesh\AppData\Local\Programs\Python\Python39\Scripts;C:\Program Files\Docker;C:\Program Files\Docker\Docker\resources\bin;C:\allure\allure-2.24.1\bin;C:\Program Files\apache-maven-3.9.5\bin;C:\Program Files\Amazon\AWSCLIV2\;C:\Users\Rakesh\AppData\Local\ActiveState\StateTool\release\bin;C:\Users\Rakesh\AppData\Local\Programs\Python\Python39\Scripts\;C:\Users\Rakesh\AppData\Local\Programs\Python\Python39\;C:\Users\Rakesh\AppData\Local\activestate\cache\bin;C:\Users\Rakesh\AppData\Local\Microsoft\WindowsApps;C:\Users\Rakesh\AppData\Local\Programs\Microsoft VS Code\bin;C:\Users\Rakesh\AppData\Roaming\npm;C:\Users\Rakesh\.dotnet\tools;C:\src\flutter\bin;;."/>
    <property name="maven.conf" value="C:\Program Files\apache-maven-3.9.5/conf"/>
    <property name="jdk.debug" value="release"/>
    <property name="java.class.version" value="55.0"/>
    <property name="java.specification.name" value="Java Platform API Specification"/>
    <property name="sun.management.compiler" value="HotSpot 64-Bit Tiered Compilers"/>
    <property name="os.version" value="10.0"/>
    <property name="library.jansi.path" value="C:\Program Files\apache-maven-3.9.5\lib\jansi-native"/>
    <property name="user.home" value="C:\Users\Rakesh"/>
    <property name="user.timezone" value="Asia/Calcutta"/>
    <property name="java.awt.printerjob" value="sun.awt.windows.WPrinterJob"/>
    <property name="file.encoding" value="Cp1252"/>
    <property name="java.specification.version" value="11"/>
    <property name="user.name" value="Rakesh"/>
    <property name="java.class.path" value="C:\Program Files\apache-maven-3.9.5\boot\plexus-classworlds-2.7.0.jar"/>
    <property name="java.vm.specification.version" value="11"/>
    <property name="sun.arch.data.model" value="64"/>
    <property name="sun.java.command" value="org.codehaus.plexus.classworlds.launcher.Launcher clean test"/>
    <property name="java.home" value="C:\Program Files\Java\jdk-11"/>
    <property name="user.language" value="en"/>
    <property name="java.specification.vendor" value="Oracle Corporation"/>
    <property name="awt.toolkit" value="sun.awt.windows.WToolkit"/>
    <property name="java.vm.info" value="mixed mode"/>
    <property name="java.version" value="11.0.19"/>
    <property name="java.vendor" value="Oracle Corporation"/>
    <property name="sun.stderr.encoding" value="cp437"/>
    <property name="maven.home" value="C:\Program Files\apache-maven-3.9.5"/>
    <property name="file.separator" value="\"/>
    <property name="java.version.date" value="2023-04-18"/>
    <property name="java.vendor.url.bug" value="https://bugreport.java.com/bugreport/"/>
    <property name="sun.io.unicode.encoding" value="UnicodeLittle"/>
    <property name="sun.cpu.endian" value="little"/>
    <property name="java.vendor.version" value="18.9"/>
    <property name="sun.stdout.encoding" value="cp437"/>
    <property name="sun.desktop" value="windows"/>
    <property name="sun.cpu.isalist" value="amd64"/>
  </properties>
  <testcase name="testGoogleSearch" classname="com.example.SeleniumTest" time="4.354"/>
  <testcase name="testGoogleSearch" classname="com.example.SeleniumTest" time="0">
    <skipped message="Could not start Browser / Emulator&#10; Reason: &#10;Unable to create new remote session. desired capabilities = Capabilities {browserName: safari, moz:firefoxOptions: {args: [], prefs: {}}}&#10;Build info: version: &apos;3.14.0&apos;, revision: &apos;aacccce0&apos;, time: &apos;2018-08-02T20:13:22.693Z&apos;&#10;System info: host: &apos;mac-46-37-97-4.browserstack.com&apos;, ip: &apos;fe80:0:0:0:c6d:a736:d49b:8d10%en0&apos;, os.name: &apos;Mac OS X&apos;, os.arch: &apos;x86_64&apos;, os.version: &apos;14.0&apos;, java.version: &apos;11.0.13&apos;&#10;Driver info: driver.version: unknown (WARNING: The server did not provide any stacktrace information)&#10;Command duration or timeout: 24.76 seconds&#10;Build info: version: &apos;3.141.59&apos;, revision: &apos;e82be7d358&apos;, time: &apos;2018-11-14T08:17:03&apos;&#10;System info: host: &apos;RAKESH-ACER&apos;, ip: &apos;192.168.151.120&apos;, os.name: &apos;Windows 11&apos;, os.arch: &apos;amd64&apos;, os.version: &apos;10.0&apos;, java.version: &apos;11.0.19&apos;&#10;Driver info: driver.version: FirefoxDriver"/>
  </testcase>
  <testcase name="testGoogleSearch" classname="com.example.SeleniumTest" time="1.822"/>
  <testcase name="setUp" classname="com.example.SeleniumTest" time="7.922">
    <failure message="Could not start Browser / Emulator&#10; Reason: &#10;Unable to create new remote session. desired capabilities = Capabilities {browserName: safari, moz:firefoxOptions: {args: [], prefs: {}}}&#10;Build info: version: &apos;3.14.0&apos;, revision: &apos;aacccce0&apos;, time: &apos;2018-08-02T20:13:22.693Z&apos;&#10;System info: host: &apos;mac-46-37-97-4.browserstack.com&apos;, ip: &apos;fe80:0:0:0:c6d:a736:d49b:8d10%en0&apos;, os.name: &apos;Mac OS X&apos;, os.arch: &apos;x86_64&apos;, os.version: &apos;14.0&apos;, java.version: &apos;11.0.13&apos;&#10;Driver info: driver.version: unknown (WARNING: The server did not provide any stacktrace information)&#10;Command duration or timeout: 24.76 seconds&#10;Build info: version: &apos;3.141.59&apos;, revision: &apos;e82be7d358&apos;, time: &apos;2018-11-14T08:17:03&apos;&#10;System info: host: &apos;RAKESH-ACER&apos;, ip: &apos;192.168.151.120&apos;, os.name: &apos;Windows 11&apos;, os.arch: &apos;amd64&apos;, os.version: &apos;10.0&apos;, java.version: &apos;11.0.19&apos;&#10;Driver info: driver.version: FirefoxDriver" type="org.openqa.selenium.WebDriverException">org.openqa.selenium.WebDriverException: 
Could not start Browser / Emulator
 Reason: 
Unable to create new remote session. desired capabilities = Capabilities {browserName: safari, moz:firefoxOptions: {args: [], prefs: {}}}
Build info: version: '3.14.0', revision: 'aacccce0', time: '2018-08-02T20:13:22.693Z'
System info: host: 'mac-46-37-97-4.browserstack.com', ip: 'fe80:0:0:0:c6d:a736:d49b:8d10%en0', os.name: 'Mac OS X', os.arch: 'x86_64', os.version: '14.0', java.version: '11.0.13'
Driver info: driver.version: unknown (WARNING: The server did not provide any stacktrace information)
Command duration or timeout: 24.76 seconds
Build info: version: '3.141.59', revision: 'e82be7d358', time: '2018-11-14T08:17:03'
System info: host: 'RAKESH-ACER', ip: '192.168.151.120', os.name: 'Windows 11', os.arch: 'amd64', os.version: '10.0', java.version: '11.0.19'
Driver info: driver.version: FirefoxDriver
</failure>
  </testcase>
  <testcase name="setUp" classname="com.example.SeleniumTest2" time="17.411">
    <failure message="Could not start Browser / Emulator&#10; Reason: &#10;Unable to create new remote session. desired capabilities = Capabilities {browserName: safari, moz:firefoxOptions: {args: [], prefs: {}}}&#10;Build info: version: &apos;3.14.0&apos;, revision: &apos;aacccce0&apos;, time: &apos;2018-08-02T20:13:22.693Z&apos;&#10;System info: host: &apos;mac-46-37-97-22.browserstack.com&apos;, ip: &apos;fe80:0:0:0:1c6e:64a1:543c:c08c%en0&apos;, os.name: &apos;Mac OS X&apos;, os.arch: &apos;x86_64&apos;, os.version: &apos;14.0&apos;, java.version: &apos;11.0.13&apos;&#10;Driver info: driver.version: unknown (WARNING: The server did not provide any stacktrace information)&#10;Command duration or timeout: 23.11 seconds&#10;Build info: version: &apos;3.141.59&apos;, revision: &apos;e82be7d358&apos;, time: &apos;2018-11-14T08:17:03&apos;&#10;System info: host: &apos;RAKESH-ACER&apos;, ip: &apos;192.168.151.120&apos;, os.name: &apos;Windows 11&apos;, os.arch: &apos;amd64&apos;, os.version: &apos;10.0&apos;, java.version: &apos;11.0.19&apos;&#10;Driver info: driver.version: FirefoxDriver" type="org.openqa.selenium.WebDriverException">org.openqa.selenium.WebDriverException: 
Could not start Browser / Emulator
 Reason: 
Unable to create new remote session. desired capabilities = Capabilities {browserName: safari, moz:firefoxOptions: {args: [], prefs: {}}}
Build info: version: '3.14.0', revision: 'aacccce0', time: '2018-08-02T20:13:22.693Z'
System info: host: 'mac-46-37-97-22.browserstack.com', ip: 'fe80:0:0:0:1c6e:64a1:543c:c08c%en0', os.name: 'Mac OS X', os.arch: 'x86_64', os.version: '14.0', java.version: '11.0.13'
Driver info: driver.version: unknown (WARNING: The server did not provide any stacktrace information)
Command duration or timeout: 23.11 seconds
Build info: version: '3.141.59', revision: 'e82be7d358', time: '2018-11-14T08:17:03'
System info: host: 'RAKESH-ACER', ip: '192.168.151.120', os.name: 'Windows 11', os.arch: 'amd64', os.version: '10.0', java.version: '11.0.19'
Driver info: driver.version: FirefoxDriver
</failure>
    <system-out><![CDATA[org.openqa.selenium.TimeoutException: Expected condition failed: waiting for presence of element located by: By.xpath: //div[text()='Accept all'] (tried for 10 second(s) with 500 milliseconds interval)
]]></system-out>
  </testcase>
  <testcase name="testGoogleSearch2" classname="com.example.SeleniumTest2" time="0">
    <skipped message="Could not start Browser / Emulator&#10; Reason: &#10;Unable to create new remote session. desired capabilities = Capabilities {browserName: safari, moz:firefoxOptions: {args: [], prefs: {}}}&#10;Build info: version: &apos;3.14.0&apos;, revision: &apos;aacccce0&apos;, time: &apos;2018-08-02T20:13:22.693Z&apos;&#10;System info: host: &apos;mac-46-37-97-22.browserstack.com&apos;, ip: &apos;fe80:0:0:0:1c6e:64a1:543c:c08c%en0&apos;, os.name: &apos;Mac OS X&apos;, os.arch: &apos;x86_64&apos;, os.version: &apos;14.0&apos;, java.version: &apos;11.0.13&apos;&#10;Driver info: driver.version: unknown (WARNING: The server did not provide any stacktrace information)&#10;Command duration or timeout: 23.11 seconds&#10;Build info: version: &apos;3.141.59&apos;, revision: &apos;e82be7d358&apos;, time: &apos;2018-11-14T08:17:03&apos;&#10;System info: host: &apos;RAKESH-ACER&apos;, ip: &apos;192.168.151.120&apos;, os.name: &apos;Windows 11&apos;, os.arch: &apos;amd64&apos;, os.version: &apos;10.0&apos;, java.version: &apos;11.0.19&apos;&#10;Driver info: driver.version: FirefoxDriver"/>
  </testcase>
  <testcase name="testGoogleSearch2" classname="com.example.SeleniumTest2" time="6.503"/>
  <testcase name="testGoogleSearch2" classname="com.example.SeleniumTest2" time="31.439"/>
</testsuite>