<?xml version="1.0" encoding="UTF-8"?>
<!-- Generated by org.testng.reporters.JUnitReportReporter -->
<testsuite hostname="RAKESH-ACER" failures="0" tests="2" name="com.example.SeleniumTest2" time="28.438" errors="0" timestamp="2023-11-25T21:00:13 IST" skipped="0">
  <testcase classname="com.example.SeleniumTest2" name="setUp" time="1.076"/>
  <system-out/>
  <testcase classname="com.example.SeleniumTest2" name="testGoogleSearch2" time="27.362"/>
  <system-out>
    <![CDATA[Browser Opened and navigated to https://google.com
Browser Opened and navigated to https://google.com]]>
  </system-out>
</testsuite> <!-- com.example.SeleniumTest2 -->
