<?xml version="1.0" encoding="UTF-8"?>
<!-- Generated by org.testng.reporters.JUnitReportReporter -->
<testsuite hostname="RAKESH-ACER" failures="0" tests="1" name="com.example.SeleniumTest2" time="36.819" errors="0" timestamp="2023-11-19T11:26:14 IST" skipped="0">
  <testcase classname="com.example.SeleniumTest2" name="testGoogleSearch2" time="36.819"/>
  <system-out/>
</testsuite> <!-- com.example.SeleniumTest2 -->
