<?xml version="1.0" encoding="UTF-8"?>
<!-- Generated by org.testng.reporters.JUnitReportReporter -->
<testsuite hostname="RAKESH-ACER" failures="0" tests="2" name="com.example.SeleniumTest" time="10.432" errors="0" timestamp="2023-11-25T21:00:13 IST" skipped="0">
  <testcase classname="com.example.SeleniumTest" name="setUp" time="4.081"/>
  <system-out/>
  <testcase classname="com.example.SeleniumTest" name="testGoogleSearch" time="6.351"/>
  <system-out>
    <![CDATA[Browser Opened and navigated to https://google.com]]>
  </system-out>
</testsuite> <!-- com.example.SeleniumTest -->
