<?xml version="1.0" encoding="UTF-8"?>
<!-- Generated by org.testng.reporters.JUnitReportReporter -->
<testsuite hostname="RAKESH-ACER" failures="0" tests="1" name="com.example.SeleniumTest" time="40.053" errors="0" timestamp="2023-11-19T11:26:14 IST" skipped="0">
  <testcase classname="com.example.SeleniumTest" name="testGoogleSearch" time="40.053"/>
  <system-out/>
</testsuite> <!-- com.example.SeleniumTest -->
