<?xml version="1.0" encoding="UTF-8"?>
<!-- Generated by org.testng.reporters.JUnitReportReporter -->
<testsuite hostname="RAKESH-ACER" failures="0" tests="1" name="com.example.SeleniumTest" time="12.674" errors="0" timestamp="2023-11-17T07:51:34 IST" skipped="0">
  <testcase classname="com.example.SeleniumTest" name="testGoogleSearch" time="12.674"/>
  <system-out/>
</testsuite> <!-- com.example.SeleniumTest -->
