<?xml version="1.0" encoding="UTF-8"?>
<!-- Generated by org.testng.reporters.JUnitReportReporter -->
<testsuite hostname="RAKESH-ACER" failures="0" tests="1" name="runner.Runner" time="30.078" errors="0" timestamp="2023-11-29T05:09:39 IST" skipped="0">
  <testcase classname="runner.Runner" name="runScenario" time="30.078"/>
  <system-out/>
</testsuite> <!-- runner.Runner -->
