<?xml version="1.0" encoding="UTF-8"?>
<!-- Generated by org.testng.reporters.JUnitReportReporter -->
<testsuite hostname="RAKESH-ACER" failures="0" tests="2" name="com.example.SeleniumTest" time="17.046" errors="0" timestamp="2023-11-16T13:17:43 IST" skipped="0">
  <testcase classname="com.example.SeleniumTest" name="testGoogleSearch" time="5.896"/>
  <system-out/>
  <testcase classname="com.example.SeleniumTest" name="testGoogleSearch2" time="11.150"/>
  <system-out/>
</testsuite> <!-- com.example.SeleniumTest -->
