<?xml version="1.0" encoding="UTF-8"?>
<!-- Generated by org.testng.reporters.JUnitReportReporter -->
<testsuite hostname="RAKESH-ACER" failures="0" tests="2" name="com.example.SeleniumTest" time="16.081" errors="0" timestamp="2023-11-16T14:08:31 IST" skipped="0">
  <testcase classname="com.example.SeleniumTest" name="testGoogleSearch" time="5.511"/>
  <system-out/>
  <testcase classname="com.example.SeleniumTest" name="testGoogleSearch2" time="10.570"/>
  <system-out/>
</testsuite> <!-- com.example.SeleniumTest -->
