<?xml version="1.0" encoding="UTF-8"?>
<!-- Generated by org.testng.reporters.JUnitReportReporter -->
<testsuite hostname="RAKESH-ACER" failures="0" tests="1" name="com.example.SeleniumTest2" time="27.574" errors="0" timestamp="2023-11-17T20:54:50 IST" skipped="0">
  <testcase classname="com.example.SeleniumTest2" name="testGoogleSearch2" time="27.574"/>
  <system-out/>
</testsuite> <!-- com.example.SeleniumTest2 -->
