<?xml version="1.0" encoding="UTF-8"?>
<!-- Generated by org.testng.reporters.JUnitReportReporter -->
<testsuite hostname="RAKESH-ACER" failures="0" tests="1" name="runner.Runner" time="36.529" errors="0" timestamp="2023-11-30T12:56:34 IST" skipped="0">
  <testcase classname="runner.Runner" name="runScenario" time="36.529"/>
  <system-out/>
</testsuite> <!-- runner.Runner -->
